<?xml version="1.0" encoding="UTF-8"?>
<testsuite xmlns:xsi="http://www.w3.org/2001/XMLSchema-instance" xsi:noNamespaceSchemaLocation="https://maven.apache.org/surefire/maven-surefire-plugin/xsd/surefire-test-report-3.0.xsd" version="3.0" name="com.example.runners.CucumberTestRunner" time="22.892" tests="3" errors="0" skipped="0" failures="0">
  <properties>
[...]
</properties>
  <testcase name="Load calculator page successfully" classname="Carbohydrate Calculator" time="6.662">
    <system-out><![CDATA[
@Smoke
Scenario: Load calculator page successfully                       # src/test/resources/features/carbohydrate_calculator.feature:7
  Given I launch the carbohydrate calculator                      # com.example.app.steps.CarbohydrateSteps.i_launch_the_calculator()
  Then the calculator page should load with the main form visible # com.example.app.steps.CarbohydrateSteps.page_should_load()
]]></system-out>
    <system-err><![CDATA[SLF4J: No SLF4J providers were found.
SLF4J: Defaulting to no-operation (NOP) logger implementation
SLF4J: See https://www.slf4j.org/codes.html#noProviders for further details.
]]></system-err>
  </testcase>
  <testcase name="Calculate with US units and default activity" classname="Carbohydrate Calculator" time="6.916">
    <system-out><![CDATA[
@Smoke
Scenario: Calculate with US units and default activity # src/test/resources/features/carbohydrate_calculator.feature:11
  Given I launch the carbohydrate calculator           # com.example.app.steps.CarbohydrateSteps.i_launch_the_calculator()
  When I select the US unit system                     # com.example.app.steps.CarbohydrateSteps.select_us_unit_system()
  And I enter the following values:                    # com.example.app.steps.CarbohydrateSteps.enter_values(io.cucumber.datatable.DataTable)
    | AgeYears | HeightFeet | HeightInches | WeightLbs | Sex  |
    | 30       | 4          | 10           | 170       | Male |
  And I click Calculate                                # com.example.app.steps.CarbohydrateSteps.click_calculate()
  Then I should see a carbohydrate result              # com.example.app.steps.CarbohydrateSteps.should_see_result()
]]></system-out>
  </testcase>
  <testcase name="Blank Age field throws validation error" classname="Carbohydrate Calculator" time="7.07">
    <system-out><![CDATA[
@Smoke
Scenario: Blank Age field throws validation error # src/test/resources/features/carbohydrate_calculator.feature:20
  Given I launch the carbohydrate calculator      # com.example.app.steps.CarbohydrateSteps.i_launch_the_calculator()
  When I select the US unit system                # com.example.app.steps.CarbohydrateSteps.select_us_unit_system()
  And I enter the following values:               # com.example.app.steps.CarbohydrateSteps.enter_values(io.cucumber.datatable.DataTable)
    | AgeYears | HeightFeet | HeightInches | WeightLbs | Sex  |
    | 0        | 4          | 10           | 170       | Male |
  And I click Calculate                           # com.example.app.steps.CarbohydrateSteps.click_calculate()
  Then I should see validation message            # com.example.app.steps.CarbohydrateSteps.ageValidationMessage()
]]></system-out>
  </testcase>
</testsuite>